  [1m[36m (1.1ms)[0m  [1mCREATE TABLE "schema_migrations" ("version" varchar(255) NOT NULL) [0m
  [1m[35m (1.2ms)[0m  CREATE UNIQUE INDEX "unique_schema_migrations" ON "schema_migrations" ("version")
  [1m[36mActiveRecord::SchemaMigration Load (0.2ms)[0m  [1mSELECT "schema_migrations".* FROM "schema_migrations"[0m
Migrating to CreateUsers (20140408043440)
  [1m[35m (0.0ms)[0m  begin transaction
  [1m[36m (0.3ms)[0m  [1mCREATE TABLE "users" ("id" INTEGER PRIMARY KEY AUTOINCREMENT NOT NULL, "Email" varchar(255), "Password" varchar(255), "Name" varchar(255), "FollowCount" integer, "created_at" datetime, "updated_at" datetime) [0m
  [1m[35mSQL (0.2ms)[0m  INSERT INTO "schema_migrations" ("version") VALUES (?)  [["version", "20140408043440"]]
  [1m[36m (0.8ms)[0m  [1mcommit transaction[0m
Migrating to CreateImages (20140408043442)
  [1m[35m (0.1ms)[0m  begin transaction
  [1m[36m (0.4ms)[0m  [1mCREATE TABLE "images" ("id" INTEGER PRIMARY KEY AUTOINCREMENT NOT NULL, "Path" varchar(255), "Author" integer, "Status" varchar(255), "LikedCount" integer, "created_at" datetime, "updated_at" datetime) [0m
  [1m[35mSQL (0.1ms)[0m  INSERT INTO "schema_migrations" ("version") VALUES (?)  [["version", "20140408043442"]]
  [1m[36m (0.7ms)[0m  [1mcommit transaction[0m
Migrating to CreatePublicAlbums (20140408043443)
  [1m[35m (0.1ms)[0m  begin transaction
  [1m[36m (0.4ms)[0m  [1mCREATE TABLE "public_albums" ("id" INTEGER PRIMARY KEY AUTOINCREMENT NOT NULL, "Name" varchar(255), "FollowCount" integer, "created_at" datetime, "updated_at" datetime) [0m
  [1m[35mSQL (0.1ms)[0m  INSERT INTO "schema_migrations" ("version") VALUES (?)  [["version", "20140408043443"]]
  [1m[36m (0.7ms)[0m  [1mcommit transaction[0m
Migrating to CreatePrivateAlbums (20140408043445)
  [1m[35m (0.1ms)[0m  begin transaction
  [1m[36m (0.3ms)[0m  [1mCREATE TABLE "private_albums" ("id" INTEGER PRIMARY KEY AUTOINCREMENT NOT NULL, "Name" varchar(255), "UserID" integer, "created_at" datetime, "updated_at" datetime) [0m
  [1m[35mSQL (0.1ms)[0m  INSERT INTO "schema_migrations" ("version") VALUES (?)  [["version", "20140408043445"]]
  [1m[36m (0.8ms)[0m  [1mcommit transaction[0m
Migrating to CreatePublicAlbumImages (20140408043446)
  [1m[35m (0.1ms)[0m  begin transaction
  [1m[36m (0.3ms)[0m  [1mCREATE TABLE "public_album_images" ("id" INTEGER PRIMARY KEY AUTOINCREMENT NOT NULL, "ImageID" integer, "AlbumID" integer, "created_at" datetime, "updated_at" datetime) [0m
  [1m[35mSQL (0.1ms)[0m  INSERT INTO "schema_migrations" ("version") VALUES (?)  [["version", "20140408043446"]]
  [1m[36m (0.8ms)[0m  [1mcommit transaction[0m
Migrating to CreatePrivateAlbumImages (20140408043448)
  [1m[35m (0.1ms)[0m  begin transaction
  [1m[36m (0.3ms)[0m  [1mCREATE TABLE "private_album_images" ("id" INTEGER PRIMARY KEY AUTOINCREMENT NOT NULL, "ImageID" integer, "AlbumID" integer, "created_at" datetime, "updated_at" datetime) [0m
  [1m[35mSQL (0.1ms)[0m  INSERT INTO "schema_migrations" ("version") VALUES (?)  [["version", "20140408043448"]]
  [1m[36m (0.8ms)[0m  [1mcommit transaction[0m
Migrating to CreateUserFollows (20140408043449)
  [1m[35m (0.1ms)[0m  begin transaction
  [1m[36m (0.3ms)[0m  [1mCREATE TABLE "user_follows" ("id" INTEGER PRIMARY KEY AUTOINCREMENT NOT NULL, "UserID" integer, "FollowerID" integer, "created_at" datetime, "updated_at" datetime) [0m
  [1m[35mSQL (0.1ms)[0m  INSERT INTO "schema_migrations" ("version") VALUES (?)  [["version", "20140408043449"]]
  [1m[36m (0.7ms)[0m  [1mcommit transaction[0m
Migrating to CreateAlbumFollows (20140408043451)
  [1m[35m (0.1ms)[0m  begin transaction
  [1m[36m (0.3ms)[0m  [1mCREATE TABLE "album_follows" ("id" INTEGER PRIMARY KEY AUTOINCREMENT NOT NULL, "AlbumID" integer, "FollowerID" integer, "created_at" datetime, "updated_at" datetime) [0m
  [1m[35mSQL (0.1ms)[0m  INSERT INTO "schema_migrations" ("version") VALUES (?)  [["version", "20140408043451"]]
  [1m[36m (0.8ms)[0m  [1mcommit transaction[0m
  [1m[35mActiveRecord::SchemaMigration Load (0.1ms)[0m  SELECT "schema_migrations".* FROM "schema_migrations"
